<?xml version="1.0" encoding="UTF-8"?>
<!-- Generated by org.testng.reporters.JUnitReportReporter -->
<testsuite hostname="DESKTOP-UTMBFEU" failures="0" tests="2" name="com.PracticeListners.LoginTest" time="0.013" errors="0" timestamp="2024-03-29T16:05:03 IST" skipped="0">
  <testcase classname="com.PracticeListners.LoginTest" name="loginByFacebook" time="0.003"/>
  <testcase classname="com.PracticeListners.LoginTest" name="loginByEmail" time="0.010"/>
</testsuite> <!-- com.PracticeListners.LoginTest -->
