<?xml version="1.0" encoding="UTF-8"?>
<!-- Generated by org.testng.reporters.JUnitReportReporter -->
<testsuite hostname="DESKTOP-UTMBFEU" failures="0" tests="1" name="com.inetbanking.pageObjects.TC_LoginTest_001" time="0.012" errors="0" timestamp="2024-03-27T19:33:58 IST" skipped="0">
  <testcase classname="com.inetbanking.pageObjects.TC_LoginTest_001" name="loginTest" time="0.012"/>
</testsuite> <!-- com.inetbanking.pageObjects.TC_LoginTest_001 -->
