<?xml version="1.0" encoding="UTF-8"?>
<!-- Generated by org.testng.reporters.JUnitReportReporter -->
<testsuite hostname="DESKTOP-UTMBFEU" failures="0" tests="1" name="com.inetbanking.testcases.TC_LoginTest_001" time="6.331" errors="0" timestamp="2024-03-31T12:40:50 IST" skipped="0">
  <testcase classname="com.inetbanking.testcases.TC_LoginTest_001" name="loginTest" time="6.331"/>
</testsuite> <!-- com.inetbanking.testcases.TC_LoginTest_001 -->
